[2026-02-09T12:05:49.836+0000] {taskinstance.py:1956} INFO - Dependencies all met for dep_context=non-requeueable deps ti=<TaskInstance: polymarket_data_pipeline.clean_polymarket_data scheduled__2026-02-09T10:00:00+00:00 [queued]>
[2026-02-09T12:05:49.844+0000] {taskinstance.py:1956} INFO - Dependencies all met for dep_context=requeueable deps ti=<TaskInstance: polymarket_data_pipeline.clean_polymarket_data scheduled__2026-02-09T10:00:00+00:00 [queued]>
[2026-02-09T12:05:49.845+0000] {taskinstance.py:2170} INFO - Starting attempt 2 of 3
[2026-02-09T12:05:49.860+0000] {taskinstance.py:2191} INFO - Executing <Task(PythonOperator): clean_polymarket_data> on 2026-02-09 10:00:00+00:00
[2026-02-09T12:05:49.864+0000] {standard_task_runner.py:60} INFO - Started process 517 to run task
[2026-02-09T12:05:49.866+0000] {standard_task_runner.py:87} INFO - Running: ['***', 'tasks', 'run', 'polymarket_data_pipeline', 'clean_polymarket_data', 'scheduled__2026-02-09T10:00:00+00:00', '--job-id', '16', '--raw', '--subdir', 'DAGS_FOLDER/polymarket_pipeline_dag.py', '--cfg-path', '/tmp/tmpmz0p7a91']
[2026-02-09T12:05:49.869+0000] {standard_task_runner.py:88} INFO - Job 16: Subtask clean_polymarket_data
[2026-02-09T12:05:49.918+0000] {task_command.py:423} INFO - Running <TaskInstance: polymarket_data_pipeline.clean_polymarket_data scheduled__2026-02-09T10:00:00+00:00 [running]> on host 68f43ae3703b
[2026-02-09T12:05:49.988+0000] {taskinstance.py:2480} INFO - Exporting env vars: AIRFLOW_CTX_DAG_OWNER='polymarket' AIRFLOW_CTX_DAG_ID='polymarket_data_pipeline' AIRFLOW_CTX_TASK_ID='clean_polymarket_data' AIRFLOW_CTX_EXECUTION_DATE='2026-02-09T10:00:00+00:00' AIRFLOW_CTX_TRY_NUMBER='2' AIRFLOW_CTX_DAG_RUN_ID='scheduled__2026-02-09T10:00:00+00:00'
[2026-02-09T12:05:50.068+0000] {logging_mixin.py:188} INFO - ============================================================
[2026-02-09T12:05:50.069+0000] {logging_mixin.py:188} INFO -   🧹 ÉTAPE 3: Nettoyage des données
[2026-02-09T12:05:50.070+0000] {logging_mixin.py:188} INFO - ============================================================
[2026-02-09T12:05:53.515+0000] {logging_mixin.py:188} INFO - ✅ Monitoring MongoDB connecté (polymarket_monitoring.pipeline_metrics)
[2026-02-09T12:05:53.531+0000] {logging_mixin.py:188} INFO - 
🔄 Connexion à MongoDB (polymarket_db)...
[2026-02-09T12:05:53.731+0000] {logging_mixin.py:188} INFO - ✅ Documents dans 'polymarket': 600
[2026-02-09T12:05:53.739+0000] {logging_mixin.py:188} INFO - ⚠️  Collection 'cleaned' contient déjà 234 documents
[2026-02-09T12:05:53.764+0000] {logging_mixin.py:188} INFO -    ✓ Données existantes supprimées
[2026-02-09T12:05:53.765+0000] {logging_mixin.py:188} INFO - 
🔍 Filtrage des documents...
[2026-02-09T12:05:53.870+0000] {logging_mixin.py:188} INFO -    ✓ Trouvé 234 documents valides
[2026-02-09T12:05:53.871+0000] {logging_mixin.py:188} INFO -    ✗ Exclu 366 documents
[2026-02-09T12:05:53.871+0000] {logging_mixin.py:188} INFO - 
🧹 Nettoyage de 234 documents...
[2026-02-09T12:05:53.873+0000] {logging_mixin.py:188} INFO - 
💾 Insertion dans 'polymarket_db.cleaned'...
[2026-02-09T12:05:55.430+0000] {logging_mixin.py:188} INFO -    ✓ Batch 1: 234/234
[2026-02-09T12:05:55.431+0000] {logging_mixin.py:188} INFO - 
✅ 234 documents nettoyés et insérés!
[2026-02-09T12:05:55.432+0000] {logging_mixin.py:188} INFO - 
📊 Résumé:
[2026-02-09T12:05:55.432+0000] {logging_mixin.py:188} INFO -    - Documents source: 600
[2026-02-09T12:05:55.432+0000] {logging_mixin.py:188} INFO -    - Filtrés: 234
[2026-02-09T12:05:55.432+0000] {logging_mixin.py:188} INFO -    - Exclus: 366
[2026-02-09T12:05:55.433+0000] {logging_mixin.py:188} INFO -    - Insérés: 234
[2026-02-09T12:05:55.461+0000] {python.py:201} INFO - Done. Returned value was: 234
[2026-02-09T12:05:55.479+0000] {taskinstance.py:1138} INFO - Marking task as SUCCESS. dag_id=polymarket_data_pipeline, task_id=clean_polymarket_data, execution_date=20260209T100000, start_date=20260209T120549, end_date=20260209T120555
[2026-02-09T12:05:55.517+0000] {local_task_job_runner.py:234} INFO - Task exited with return code 0
[2026-02-09T12:05:55.533+0000] {taskinstance.py:3280} INFO - 1 downstream tasks scheduled from follow-on schedule check
