[2026-02-09T11:51:41.551+0000] {taskinstance.py:1956} INFO - Dependencies all met for dep_context=non-requeueable deps ti=<TaskInstance: polymarket_data_pipeline.check_kafka_ready manual__2026-02-09T11:40:44.470493+00:00 [queued]>
[2026-02-09T11:51:41.560+0000] {taskinstance.py:1956} INFO - Dependencies all met for dep_context=requeueable deps ti=<TaskInstance: polymarket_data_pipeline.check_kafka_ready manual__2026-02-09T11:40:44.470493+00:00 [queued]>
[2026-02-09T11:51:41.561+0000] {taskinstance.py:2170} INFO - Starting attempt 3 of 3
[2026-02-09T11:51:41.576+0000] {taskinstance.py:2191} INFO - Executing <Task(PythonSensor): check_kafka_ready> on 2026-02-09 11:40:44.470493+00:00
[2026-02-09T11:51:41.580+0000] {standard_task_runner.py:60} INFO - Started process 478 to run task
[2026-02-09T11:51:41.584+0000] {standard_task_runner.py:87} INFO - Running: ['***', 'tasks', 'run', 'polymarket_data_pipeline', 'check_kafka_ready', 'manual__2026-02-09T11:40:44.470493+00:00', '--job-id', '6', '--raw', '--subdir', 'DAGS_FOLDER/polymarket_pipeline_dag.py', '--cfg-path', '/tmp/tmpykrznxxs']
[2026-02-09T11:51:41.587+0000] {standard_task_runner.py:88} INFO - Job 6: Subtask check_kafka_ready
[2026-02-09T11:51:41.635+0000] {task_command.py:423} INFO - Running <TaskInstance: polymarket_data_pipeline.check_kafka_ready manual__2026-02-09T11:40:44.470493+00:00 [running]> on host 3093abd31443
[2026-02-09T11:51:41.703+0000] {taskinstance.py:2480} INFO - Exporting env vars: AIRFLOW_CTX_DAG_OWNER='polymarket' AIRFLOW_CTX_DAG_ID='polymarket_data_pipeline' AIRFLOW_CTX_TASK_ID='check_kafka_ready' AIRFLOW_CTX_EXECUTION_DATE='2026-02-09T11:40:44.470493+00:00' AIRFLOW_CTX_TRY_NUMBER='3' AIRFLOW_CTX_DAG_RUN_ID='manual__2026-02-09T11:40:44.470493+00:00'
[2026-02-09T11:51:41.704+0000] {python.py:75} INFO - Poking callable: <function check_kafka_available at 0x7f9b50bdbd80>
[2026-02-09T11:51:41.706+0000] {taskinstance.py:2698} ERROR - Task failed with exception
Traceback (most recent call last):
  File "/home/airflow/.local/lib/python3.11/site-packages/airflow/models/taskinstance.py", line 433, in _execute_task
    result = execute_callable(context=context, **execute_callable_kwargs)
             ^^^^^^^^^^^^^^^^^^^^^^^^^^^^^^^^^^^^^^^^^^^^^^^^^^^^^^^^^^^^
  File "/home/airflow/.local/lib/python3.11/site-packages/airflow/sensors/base.py", line 265, in execute
    raise e
  File "/home/airflow/.local/lib/python3.11/site-packages/airflow/sensors/base.py", line 247, in execute
    poke_return = self.poke(context)
                  ^^^^^^^^^^^^^^^^^^
  File "/home/airflow/.local/lib/python3.11/site-packages/airflow/sensors/python.py", line 76, in poke
    return_value = self.python_callable(*self.op_args, **self.op_kwargs)
                   ^^^^^^^^^^^^^^^^^^^^^^^^^^^^^^^^^^^^^^^^^^^^^^^^^^^^^
  File "/opt/airflow/dags/polymarket_pipeline_dag.py", line 39, in check_kafka_available
    from kafka import KafkaProducer
ModuleNotFoundError: No module named 'kafka'
[2026-02-09T11:51:41.720+0000] {taskinstance.py:1138} INFO - Marking task as FAILED. dag_id=polymarket_data_pipeline, task_id=check_kafka_ready, execution_date=20260209T114044, start_date=20260209T115141, end_date=20260209T115141
[2026-02-09T11:51:41.730+0000] {standard_task_runner.py:107} ERROR - Failed to execute job 6 for task check_kafka_ready (No module named 'kafka'; 478)
[2026-02-09T11:51:41.755+0000] {local_task_job_runner.py:234} INFO - Task exited with return code 1
[2026-02-09T11:51:41.779+0000] {taskinstance.py:3280} INFO - 0 downstream tasks scheduled from follow-on schedule check
