[2026-02-09T11:59:39.537+0000] {taskinstance.py:1956} INFO - Dependencies all met for dep_context=non-requeueable deps ti=<TaskInstance: polymarket_data_pipeline.consume_kafka_insert_mongo manual__2026-02-09T11:59:27.878593+00:00 [queued]>
[2026-02-09T11:59:39.546+0000] {taskinstance.py:1956} INFO - Dependencies all met for dep_context=requeueable deps ti=<TaskInstance: polymarket_data_pipeline.consume_kafka_insert_mongo manual__2026-02-09T11:59:27.878593+00:00 [queued]>
[2026-02-09T11:59:39.547+0000] {taskinstance.py:2170} INFO - Starting attempt 1 of 3
[2026-02-09T11:59:39.561+0000] {taskinstance.py:2191} INFO - Executing <Task(PythonOperator): consume_kafka_insert_mongo> on 2026-02-09 11:59:27.878593+00:00
[2026-02-09T11:59:39.564+0000] {standard_task_runner.py:60} INFO - Started process 255 to run task
[2026-02-09T11:59:39.567+0000] {standard_task_runner.py:87} INFO - Running: ['***', 'tasks', 'run', 'polymarket_data_pipeline', 'consume_kafka_insert_mongo', 'manual__2026-02-09T11:59:27.878593+00:00', '--job-id', '7', '--raw', '--subdir', 'DAGS_FOLDER/polymarket_pipeline_dag.py', '--cfg-path', '/tmp/tmpszy171gs']
[2026-02-09T11:59:39.570+0000] {standard_task_runner.py:88} INFO - Job 7: Subtask consume_kafka_insert_mongo
[2026-02-09T11:59:39.620+0000] {task_command.py:423} INFO - Running <TaskInstance: polymarket_data_pipeline.consume_kafka_insert_mongo manual__2026-02-09T11:59:27.878593+00:00 [running]> on host 68f43ae3703b
[2026-02-09T11:59:39.684+0000] {taskinstance.py:2480} INFO - Exporting env vars: AIRFLOW_CTX_DAG_OWNER='polymarket' AIRFLOW_CTX_DAG_ID='polymarket_data_pipeline' AIRFLOW_CTX_TASK_ID='consume_kafka_insert_mongo' AIRFLOW_CTX_EXECUTION_DATE='2026-02-09T11:59:27.878593+00:00' AIRFLOW_CTX_TRY_NUMBER='1' AIRFLOW_CTX_DAG_RUN_ID='manual__2026-02-09T11:59:27.878593+00:00'
[2026-02-09T11:59:39.850+0000] {logging_mixin.py:188} INFO - ============================================================
[2026-02-09T11:59:39.851+0000] {logging_mixin.py:188} INFO -   💾 ÉTAPE 2: Kafka → MongoDB
[2026-02-09T11:59:39.851+0000] {logging_mixin.py:188} INFO - ============================================================
[2026-02-09T11:59:43.234+0000] {logging_mixin.py:188} INFO - ✅ Monitoring MongoDB connecté (polymarket_monitoring.pipeline_metrics)
[2026-02-09T11:59:43.316+0000] {logging_mixin.py:188} INFO - 
🔄 Connexion à MongoDB...
[2026-02-09T11:59:43.742+0000] {logging_mixin.py:188} INFO - ✅ Connecté à polymarket_db.polymarket
[2026-02-09T11:59:43.742+0000] {logging_mixin.py:188} INFO - 
🔄 Connexion à Kafka (broker:9092)...
[2026-02-09T11:59:43.744+0000] {conn.py:400} INFO - <BrokerConnection client_id=kafka-python-2.3.0, node_id=bootstrap-0 host=broker:9092 <connecting> [IPv4 ('172.19.0.3', 9092)]>: connecting to broker:9092 [('172.19.0.3', 9092) IPv4]
[2026-02-09T11:59:43.748+0000] {conn.py:622} INFO - <BrokerConnection client_id=kafka-python-2.3.0, node_id=bootstrap-0 host=broker:9092 <checking_api_versions_recv> [IPv4 ('172.19.0.3', 9092)]>: Broker version identified as 2.6
[2026-02-09T11:59:43.749+0000] {conn.py:461} INFO - <BrokerConnection client_id=kafka-python-2.3.0, node_id=bootstrap-0 host=broker:9092 <connected> [IPv4 ('172.19.0.3', 9092)]>: Connection complete.
[2026-02-09T11:59:43.750+0000] {subscription_state.py:181} INFO - Updating subscribed topics to: ('polymarket-events',)
[2026-02-09T11:59:43.751+0000] {logging_mixin.py:188} INFO - ✅ Consumer créé (group: ***-consumer-1770638379)
[2026-02-09T11:59:43.751+0000] {logging_mixin.py:188} INFO - 
📨 Consommation des messages...
[2026-02-09T11:59:43.755+0000] {conn.py:400} INFO - <BrokerConnection client_id=kafka-python-2.3.0, node_id=1 host=broker:9092 <connecting> [IPv4 ('172.19.0.3', 9092)]>: connecting to broker:9092 [('172.19.0.3', 9092) IPv4]
[2026-02-09T11:59:43.756+0000] {conn.py:461} INFO - <BrokerConnection client_id=kafka-python-2.3.0, node_id=1 host=broker:9092 <connected> [IPv4 ('172.19.0.3', 9092)]>: Connection complete.
[2026-02-09T11:59:43.757+0000] {conn.py:951} INFO - <BrokerConnection client_id=kafka-python-2.3.0, node_id=bootstrap-0 host=broker:9092 <connected> [IPv4 ('172.19.0.3', 9092)]>: Closing connection. 
[2026-02-09T11:59:43.966+0000] {cluster.py:403} INFO - Coordinator for group/***-consumer-1770638379 is ('coordinator-1', 'broker', 9092, None)
[2026-02-09T11:59:43.967+0000] {base.py:835} INFO - Discovered coordinator coordinator-1 for group ***-consumer-1770638379
[2026-02-09T11:59:43.967+0000] {base.py:895} INFO - Starting new heartbeat thread
[2026-02-09T11:59:43.968+0000] {consumer.py:379} INFO - Revoking previously assigned partitions () for group ***-consumer-1770638379
[2026-02-09T11:59:43.969+0000] {base.py:433} INFO - Failed to join group ***-consumer-1770638379: NodeNotReadyError: coordinator-1
[2026-02-09T11:59:43.970+0000] {conn.py:400} INFO - <BrokerConnection client_id=kafka-python-2.3.0, node_id=coordinator-1 host=broker:9092 <connecting> [IPv4 ('172.19.0.3', 9092)]>: connecting to broker:9092 [('172.19.0.3', 9092) IPv4]
[2026-02-09T11:59:43.971+0000] {conn.py:461} INFO - <BrokerConnection client_id=kafka-python-2.3.0, node_id=coordinator-1 host=broker:9092 <connected> [IPv4 ('172.19.0.3', 9092)]>: Connection complete.
[2026-02-09T11:59:44.073+0000] {base.py:546} INFO - (Re-)joining group ***-consumer-1770638379
[2026-02-09T11:59:44.078+0000] {base.py:857} WARNING - Marking the coordinator dead (node coordinator-1) for group ***-consumer-1770638379: [Error 16] NotCoordinatorError.
[2026-02-09T11:59:44.079+0000] {base.py:641} INFO - Attempt to join group ***-consumer-1770638379 failed due to obsolete coordinator information: NotCoordinatorError
[2026-02-09T11:59:44.080+0000] {base.py:433} INFO - Failed to join group ***-consumer-1770638379: [Error 16] NotCoordinatorError
[2026-02-09T11:59:44.184+0000] {cluster.py:403} INFO - Coordinator for group/***-consumer-1770638379 is ('coordinator-1', 'broker', 9092, None)
[2026-02-09T11:59:44.185+0000] {base.py:835} INFO - Discovered coordinator coordinator-1 for group ***-consumer-1770638379
[2026-02-09T11:59:44.186+0000] {base.py:546} INFO - (Re-)joining group ***-consumer-1770638379
[2026-02-09T11:59:44.190+0000] {base.py:857} WARNING - Marking the coordinator dead (node coordinator-1) for group ***-consumer-1770638379: [Error 16] NotCoordinatorError.
[2026-02-09T11:59:44.194+0000] {base.py:641} INFO - Attempt to join group ***-consumer-1770638379 failed due to obsolete coordinator information: NotCoordinatorError
[2026-02-09T11:59:44.196+0000] {base.py:433} INFO - Failed to join group ***-consumer-1770638379: [Error 16] NotCoordinatorError
[2026-02-09T11:59:44.305+0000] {cluster.py:403} INFO - Coordinator for group/***-consumer-1770638379 is ('coordinator-1', 'broker', 9092, None)
[2026-02-09T11:59:44.308+0000] {base.py:835} INFO - Discovered coordinator coordinator-1 for group ***-consumer-1770638379
[2026-02-09T11:59:44.311+0000] {base.py:546} INFO - (Re-)joining group ***-consumer-1770638379
[2026-02-09T11:59:44.314+0000] {base.py:857} WARNING - Marking the coordinator dead (node coordinator-1) for group ***-consumer-1770638379: [Error 16] NotCoordinatorError.
[2026-02-09T11:59:44.315+0000] {base.py:641} INFO - Attempt to join group ***-consumer-1770638379 failed due to obsolete coordinator information: NotCoordinatorError
[2026-02-09T11:59:44.316+0000] {base.py:433} INFO - Failed to join group ***-consumer-1770638379: [Error 16] NotCoordinatorError
[2026-02-09T11:59:44.419+0000] {cluster.py:403} INFO - Coordinator for group/***-consumer-1770638379 is ('coordinator-1', 'broker', 9092, None)
[2026-02-09T11:59:44.419+0000] {base.py:835} INFO - Discovered coordinator coordinator-1 for group ***-consumer-1770638379
[2026-02-09T11:59:44.420+0000] {base.py:546} INFO - (Re-)joining group ***-consumer-1770638379
[2026-02-09T11:59:44.422+0000] {base.py:857} WARNING - Marking the coordinator dead (node coordinator-1) for group ***-consumer-1770638379: [Error 16] NotCoordinatorError.
[2026-02-09T11:59:44.423+0000] {base.py:641} INFO - Attempt to join group ***-consumer-1770638379 failed due to obsolete coordinator information: NotCoordinatorError
[2026-02-09T11:59:44.424+0000] {base.py:433} INFO - Failed to join group ***-consumer-1770638379: [Error 16] NotCoordinatorError
[2026-02-09T11:59:44.528+0000] {cluster.py:403} INFO - Coordinator for group/***-consumer-1770638379 is ('coordinator-1', 'broker', 9092, None)
[2026-02-09T11:59:44.529+0000] {base.py:835} INFO - Discovered coordinator coordinator-1 for group ***-consumer-1770638379
[2026-02-09T11:59:44.529+0000] {base.py:546} INFO - (Re-)joining group ***-consumer-1770638379
[2026-02-09T11:59:44.531+0000] {base.py:857} WARNING - Marking the coordinator dead (node coordinator-1) for group ***-consumer-1770638379: [Error 16] NotCoordinatorError.
[2026-02-09T11:59:44.532+0000] {base.py:641} INFO - Attempt to join group ***-consumer-1770638379 failed due to obsolete coordinator information: NotCoordinatorError
[2026-02-09T11:59:44.533+0000] {base.py:433} INFO - Failed to join group ***-consumer-1770638379: [Error 16] NotCoordinatorError
[2026-02-09T11:59:44.636+0000] {cluster.py:403} INFO - Coordinator for group/***-consumer-1770638379 is ('coordinator-1', 'broker', 9092, None)
[2026-02-09T11:59:44.637+0000] {base.py:835} INFO - Discovered coordinator coordinator-1 for group ***-consumer-1770638379
[2026-02-09T11:59:44.638+0000] {base.py:546} INFO - (Re-)joining group ***-consumer-1770638379
[2026-02-09T11:59:44.640+0000] {base.py:857} WARNING - Marking the coordinator dead (node coordinator-1) for group ***-consumer-1770638379: [Error 16] NotCoordinatorError.
[2026-02-09T11:59:44.641+0000] {base.py:641} INFO - Attempt to join group ***-consumer-1770638379 failed due to obsolete coordinator information: NotCoordinatorError
[2026-02-09T11:59:44.642+0000] {base.py:433} INFO - Failed to join group ***-consumer-1770638379: [Error 16] NotCoordinatorError
[2026-02-09T11:59:44.745+0000] {cluster.py:403} INFO - Coordinator for group/***-consumer-1770638379 is ('coordinator-1', 'broker', 9092, None)
[2026-02-09T11:59:44.746+0000] {base.py:835} INFO - Discovered coordinator coordinator-1 for group ***-consumer-1770638379
[2026-02-09T11:59:44.747+0000] {base.py:546} INFO - (Re-)joining group ***-consumer-1770638379
[2026-02-09T11:59:44.749+0000] {base.py:857} WARNING - Marking the coordinator dead (node coordinator-1) for group ***-consumer-1770638379: [Error 16] NotCoordinatorError.
[2026-02-09T11:59:44.750+0000] {base.py:641} INFO - Attempt to join group ***-consumer-1770638379 failed due to obsolete coordinator information: NotCoordinatorError
[2026-02-09T11:59:44.750+0000] {base.py:433} INFO - Failed to join group ***-consumer-1770638379: [Error 16] NotCoordinatorError
[2026-02-09T11:59:44.853+0000] {cluster.py:403} INFO - Coordinator for group/***-consumer-1770638379 is ('coordinator-1', 'broker', 9092, None)
[2026-02-09T11:59:44.853+0000] {base.py:835} INFO - Discovered coordinator coordinator-1 for group ***-consumer-1770638379
[2026-02-09T11:59:44.854+0000] {base.py:546} INFO - (Re-)joining group ***-consumer-1770638379
[2026-02-09T11:59:44.860+0000] {base.py:661} INFO - Received member id kafka-python-2.3.0-af53429f-8782-4346-b0ef-2c35a6518f3f for group ***-consumer-1770638379; will retry join-group
[2026-02-09T11:59:44.861+0000] {base.py:433} INFO - Failed to join group ***-consumer-1770638379: [Error 79] MemberIdRequiredError
[2026-02-09T11:59:44.862+0000] {base.py:546} INFO - (Re-)joining group ***-consumer-1770638379
[2026-02-09T11:59:44.901+0000] {base.py:617} INFO - Successfully joined group ***-consumer-1770638379 <Generation 1 (member_id: kafka-python-2.3.0-af53429f-8782-4346-b0ef-2c35a6518f3f, protocol: range)>
[2026-02-09T11:59:44.902+0000] {base.py:619} INFO - Elected group leader -- performing partition assignments using range
[2026-02-09T11:59:44.908+0000] {base.py:770} INFO - SyncGroup for group ***-consumer-1770638379 failed due to coordinator rebalance
[2026-02-09T11:59:44.909+0000] {base.py:433} INFO - Failed to join group ***-consumer-1770638379: [Error 27] RebalanceInProgressError: airflow-consumer-1770638379
[2026-02-09T11:59:44.910+0000] {base.py:546} INFO - (Re-)joining group ***-consumer-1770638379
[2026-02-09T11:59:44.913+0000] {base.py:617} INFO - Successfully joined group ***-consumer-1770638379 <Generation 2 (member_id: kafka-python-2.3.0-af53429f-8782-4346-b0ef-2c35a6518f3f, protocol: range)>
[2026-02-09T11:59:44.914+0000] {base.py:619} INFO - Elected group leader -- performing partition assignments using range
[2026-02-09T11:59:44.924+0000] {subscription_state.py:254} INFO - Updated partition assignment: [('polymarket-events', 2)]
[2026-02-09T11:59:44.925+0000] {consumer.py:260} INFO - Setting newly assigned partitions (('polymarket-events', 2),) for group ***-consumer-1770638379
[2026-02-09T11:59:44.948+0000] {fetcher.py:418} INFO - Resetting offset for partition ('polymarket-events', 2) to offset 0.
[2026-02-09T12:00:39.651+0000] {logging_mixin.py:188} INFO -    ✓ Inséré dernier batch de 95 documents
[2026-02-09T12:00:39.651+0000] {logging_mixin.py:188} INFO - 
✅ Total inséré dans MongoDB: 95 documents
[2026-02-09T12:00:39.662+0000] {base.py:1130} INFO - Stopping heartbeat thread
[2026-02-09T12:00:39.664+0000] {base.py:943} INFO - Leaving consumer group ***-consumer-1770638379 (member kafka-python-2.3.0-af53429f-8782-4346-b0ef-2c35a6518f3f).
[2026-02-09T12:00:39.668+0000] {base.py:961} INFO - LeaveGroup request for group ***-consumer-1770638379 returned successfully
[2026-02-09T12:00:39.669+0000] {conn.py:951} INFO - <BrokerConnection client_id=kafka-python-2.3.0, node_id=1 host=broker:9092 <connected> [IPv4 ('172.19.0.3', 9092)]>: Closing connection. 
[2026-02-09T12:00:39.670+0000] {conn.py:951} INFO - <BrokerConnection client_id=kafka-python-2.3.0, node_id=coordinator-1 host=broker:9092 <connected> [IPv4 ('172.19.0.3', 9092)]>: Closing connection. 
[2026-02-09T12:00:39.683+0000] {python.py:201} INFO - Done. Returned value was: 95
[2026-02-09T12:00:39.708+0000] {taskinstance.py:1138} INFO - Marking task as SUCCESS. dag_id=polymarket_data_pipeline, task_id=consume_kafka_insert_mongo, execution_date=20260209T115927, start_date=20260209T115939, end_date=20260209T120039
[2026-02-09T12:00:39.744+0000] {local_task_job_runner.py:234} INFO - Task exited with return code 0
[2026-02-09T12:00:39.796+0000] {taskinstance.py:3280} INFO - 1 downstream tasks scheduled from follow-on schedule check
