[2026-02-09T12:00:40.445+0000] {taskinstance.py:1956} INFO - Dependencies all met for dep_context=non-requeueable deps ti=<TaskInstance: polymarket_data_pipeline.clean_polymarket_data manual__2026-02-09T11:59:27.878593+00:00 [queued]>
[2026-02-09T12:00:40.453+0000] {taskinstance.py:1956} INFO - Dependencies all met for dep_context=requeueable deps ti=<TaskInstance: polymarket_data_pipeline.clean_polymarket_data manual__2026-02-09T11:59:27.878593+00:00 [queued]>
[2026-02-09T12:00:40.454+0000] {taskinstance.py:2170} INFO - Starting attempt 1 of 3
[2026-02-09T12:00:40.468+0000] {taskinstance.py:2191} INFO - Executing <Task(PythonOperator): clean_polymarket_data> on 2026-02-09 11:59:27.878593+00:00
[2026-02-09T12:00:40.472+0000] {standard_task_runner.py:60} INFO - Started process 339 to run task
[2026-02-09T12:00:40.475+0000] {standard_task_runner.py:87} INFO - Running: ['***', 'tasks', 'run', 'polymarket_data_pipeline', 'clean_polymarket_data', 'manual__2026-02-09T11:59:27.878593+00:00', '--job-id', '11', '--raw', '--subdir', 'DAGS_FOLDER/polymarket_pipeline_dag.py', '--cfg-path', '/tmp/tmpixx6wrxc']
[2026-02-09T12:00:40.477+0000] {standard_task_runner.py:88} INFO - Job 11: Subtask clean_polymarket_data
[2026-02-09T12:00:40.522+0000] {task_command.py:423} INFO - Running <TaskInstance: polymarket_data_pipeline.clean_polymarket_data manual__2026-02-09T11:59:27.878593+00:00 [running]> on host 68f43ae3703b
[2026-02-09T12:00:40.593+0000] {taskinstance.py:2480} INFO - Exporting env vars: AIRFLOW_CTX_DAG_OWNER='polymarket' AIRFLOW_CTX_DAG_ID='polymarket_data_pipeline' AIRFLOW_CTX_TASK_ID='clean_polymarket_data' AIRFLOW_CTX_EXECUTION_DATE='2026-02-09T11:59:27.878593+00:00' AIRFLOW_CTX_TRY_NUMBER='1' AIRFLOW_CTX_DAG_RUN_ID='manual__2026-02-09T11:59:27.878593+00:00'
[2026-02-09T12:00:40.668+0000] {logging_mixin.py:188} INFO - ============================================================
[2026-02-09T12:00:40.668+0000] {logging_mixin.py:188} INFO -   🧹 ÉTAPE 3: Nettoyage des données
[2026-02-09T12:00:40.669+0000] {logging_mixin.py:188} INFO - ============================================================
[2026-02-09T12:00:45.829+0000] {logging_mixin.py:188} INFO - ✅ Monitoring MongoDB connecté (polymarket_monitoring.pipeline_metrics)
[2026-02-09T12:00:45.857+0000] {logging_mixin.py:188} INFO - 
🔄 Connexion à MongoDB (polymarket_db)...
[2026-02-09T12:00:46.198+0000] {logging_mixin.py:188} INFO - ✅ Documents dans 'polymarket': 600
[2026-02-09T12:00:46.213+0000] {logging_mixin.py:188} INFO - 
🔍 Filtrage des documents...
[2026-02-09T12:00:46.423+0000] {logging_mixin.py:188} INFO -    ✓ Trouvé 234 documents valides
[2026-02-09T12:00:46.424+0000] {logging_mixin.py:188} INFO -    ✗ Exclu 366 documents
[2026-02-09T12:00:46.424+0000] {logging_mixin.py:188} INFO - 
🧹 Nettoyage de 234 documents...
[2026-02-09T12:00:46.426+0000] {logging_mixin.py:188} INFO - 
💾 Insertion dans 'polymarket_db.cleaned'...
[2026-02-09T12:00:46.651+0000] {logging_mixin.py:188} INFO -    ✓ Batch 1: 234/234
[2026-02-09T12:00:46.651+0000] {logging_mixin.py:188} INFO - 
✅ 234 documents nettoyés et insérés!
[2026-02-09T12:00:46.652+0000] {logging_mixin.py:188} INFO - 
📊 Résumé:
[2026-02-09T12:00:46.653+0000] {logging_mixin.py:188} INFO -    - Documents source: 600
[2026-02-09T12:00:46.654+0000] {logging_mixin.py:188} INFO -    - Filtrés: 234
[2026-02-09T12:00:46.654+0000] {logging_mixin.py:188} INFO -    - Exclus: 366
[2026-02-09T12:00:46.655+0000] {logging_mixin.py:188} INFO -    - Insérés: 234
[2026-02-09T12:00:48.634+0000] {python.py:201} INFO - Done. Returned value was: 234
[2026-02-09T12:00:48.664+0000] {taskinstance.py:1138} INFO - Marking task as SUCCESS. dag_id=polymarket_data_pipeline, task_id=clean_polymarket_data, execution_date=20260209T115927, start_date=20260209T120040, end_date=20260209T120048
[2026-02-09T12:00:48.686+0000] {local_task_job_runner.py:234} INFO - Task exited with return code 0
[2026-02-09T12:00:48.707+0000] {taskinstance.py:3280} INFO - 1 downstream tasks scheduled from follow-on schedule check
