[2026-02-09T10:52:31.366+0000] {manager.py:469} INFO - Processing files using up to 2 processes at a time 
[2026-02-09T10:52:31.368+0000] {manager.py:470} INFO - Process each file at most once every 30 seconds
[2026-02-09T10:52:31.370+0000] {manager.py:471} INFO - Checking for new files in /opt/airflow/dags every 300 seconds
[2026-02-09T10:52:31.372+0000] {manager.py:738} INFO - Searching for files in /opt/airflow/dags
[2026-02-09T10:52:31.383+0000] {manager.py:741} INFO - There are 1 files in /opt/airflow/dags
[2026-02-09T10:52:31.520+0000] {manager.py:879} INFO - 
================================================================================
DAG File Processing Stats

File Path                                       PID  Runtime      # DAGs    # Errors  Last Runtime    Last Run
--------------------------------------------  -----  ---------  --------  ----------  --------------  ----------
/opt/airflow/dags/polymarket_pipeline_dag.py    177  0.05s             0           0
================================================================================
[2026-02-09T10:53:01.706+0000] {manager.py:879} INFO - 
================================================================================
DAG File Processing Stats

File Path                                     PID    Runtime      # DAGs    # Errors  Last Runtime    Last Run
--------------------------------------------  -----  ---------  --------  ----------  --------------  -------------------
/opt/airflow/dags/polymarket_pipeline_dag.py                           1           0  0.46s           2026-02-09T10:52:31
================================================================================
[2026-02-09T10:53:32.360+0000] {manager.py:879} INFO - 
================================================================================
DAG File Processing Stats

File Path                                       PID  Runtime      # DAGs    # Errors  Last Runtime    Last Run
--------------------------------------------  -----  ---------  --------  ----------  --------------  -------------------
/opt/airflow/dags/polymarket_pipeline_dag.py    199  0.00s             1           0  0.15s           2026-02-09T10:53:02
================================================================================
[2026-02-09T10:54:02.662+0000] {manager.py:879} INFO - 
================================================================================
DAG File Processing Stats

File Path                                       PID  Runtime      # DAGs    # Errors  Last Runtime    Last Run
--------------------------------------------  -----  ---------  --------  ----------  --------------  -------------------
/opt/airflow/dags/polymarket_pipeline_dag.py    210  0.00s             1           0  0.12s           2026-02-09T10:53:32
================================================================================
[2026-02-09T10:54:32.904+0000] {manager.py:879} INFO - 
================================================================================
DAG File Processing Stats

File Path                                       PID  Runtime      # DAGs    # Errors  Last Runtime    Last Run
--------------------------------------------  -----  ---------  --------  ----------  --------------  -------------------
/opt/airflow/dags/polymarket_pipeline_dag.py    221  0.00s             1           0  0.13s           2026-02-09T10:54:02
================================================================================
[2026-02-09T10:55:03.232+0000] {manager.py:879} INFO - 
================================================================================
DAG File Processing Stats

File Path                                       PID  Runtime      # DAGs    # Errors  Last Runtime    Last Run
--------------------------------------------  -----  ---------  --------  ----------  --------------  -------------------
/opt/airflow/dags/polymarket_pipeline_dag.py    232  0.00s             1           0  0.12s           2026-02-09T10:54:33
================================================================================
[2026-02-09T10:55:33.476+0000] {manager.py:879} INFO - 
================================================================================
DAG File Processing Stats

File Path                                       PID  Runtime      # DAGs    # Errors  Last Runtime    Last Run
--------------------------------------------  -----  ---------  --------  ----------  --------------  -------------------
/opt/airflow/dags/polymarket_pipeline_dag.py    243  0.00s             1           0  0.11s           2026-02-09T10:55:03
================================================================================
[2026-02-09T10:56:03.754+0000] {manager.py:879} INFO - 
================================================================================
DAG File Processing Stats

File Path                                       PID  Runtime      # DAGs    # Errors  Last Runtime    Last Run
--------------------------------------------  -----  ---------  --------  ----------  --------------  -------------------
/opt/airflow/dags/polymarket_pipeline_dag.py    254  0.00s             1           0  0.13s           2026-02-09T10:55:33
================================================================================
[2026-02-09T10:56:34.033+0000] {manager.py:879} INFO - 
================================================================================
DAG File Processing Stats

File Path                                       PID  Runtime      # DAGs    # Errors  Last Runtime    Last Run
--------------------------------------------  -----  ---------  --------  ----------  --------------  -------------------
/opt/airflow/dags/polymarket_pipeline_dag.py    265  0.00s             1           0  0.11s           2026-02-09T10:56:03
================================================================================
[2026-02-09T10:57:04.276+0000] {manager.py:879} INFO - 
================================================================================
DAG File Processing Stats

File Path                                       PID  Runtime      # DAGs    # Errors  Last Runtime    Last Run
--------------------------------------------  -----  ---------  --------  ----------  --------------  -------------------
/opt/airflow/dags/polymarket_pipeline_dag.py    276  0.00s             1           0  0.11s           2026-02-09T10:56:34
================================================================================
[2026-02-09T10:57:31.561+0000] {manager.py:738} INFO - Searching for files in /opt/airflow/dags
[2026-02-09T10:57:31.589+0000] {manager.py:741} INFO - There are 1 files in /opt/airflow/dags
[2026-02-09T10:57:34.655+0000] {manager.py:879} INFO - 
================================================================================
DAG File Processing Stats

File Path                                       PID  Runtime      # DAGs    # Errors  Last Runtime    Last Run
--------------------------------------------  -----  ---------  --------  ----------  --------------  -------------------
/opt/airflow/dags/polymarket_pipeline_dag.py    287  0.00s             1           0  0.11s           2026-02-09T10:57:04
================================================================================
[2026-02-09T10:58:04.961+0000] {manager.py:879} INFO - 
================================================================================
DAG File Processing Stats

File Path                                       PID  Runtime      # DAGs    # Errors  Last Runtime    Last Run
--------------------------------------------  -----  ---------  --------  ----------  --------------  -------------------
/opt/airflow/dags/polymarket_pipeline_dag.py    298  0.00s             1           0  0.11s           2026-02-09T10:57:34
================================================================================
[2026-02-09T10:58:35.167+0000] {manager.py:879} INFO - 
================================================================================
DAG File Processing Stats

File Path                                       PID  Runtime      # DAGs    # Errors  Last Runtime    Last Run
--------------------------------------------  -----  ---------  --------  ----------  --------------  -------------------
/opt/airflow/dags/polymarket_pipeline_dag.py    309  0.00s             1           0  0.11s           2026-02-09T10:58:05
================================================================================
[2026-02-09T10:59:05.481+0000] {manager.py:879} INFO - 
================================================================================
DAG File Processing Stats

File Path                                       PID  Runtime      # DAGs    # Errors  Last Runtime    Last Run
--------------------------------------------  -----  ---------  --------  ----------  --------------  -------------------
/opt/airflow/dags/polymarket_pipeline_dag.py    320  0.00s             1           0  0.12s           2026-02-09T10:58:35
================================================================================
[2026-02-09T10:59:35.741+0000] {manager.py:879} INFO - 
================================================================================
DAG File Processing Stats

File Path                                       PID  Runtime      # DAGs    # Errors  Last Runtime    Last Run
--------------------------------------------  -----  ---------  --------  ----------  --------------  -------------------
/opt/airflow/dags/polymarket_pipeline_dag.py    331  0.00s             1           0  0.11s           2026-02-09T10:59:05
================================================================================
[2026-02-09T11:00:06.045+0000] {manager.py:879} INFO - 
================================================================================
DAG File Processing Stats

File Path                                       PID  Runtime      # DAGs    # Errors  Last Runtime    Last Run
--------------------------------------------  -----  ---------  --------  ----------  --------------  -------------------
/opt/airflow/dags/polymarket_pipeline_dag.py    348  0.00s             1           0  0.12s           2026-02-09T10:59:35
================================================================================
[2026-02-09T11:00:36.313+0000] {manager.py:879} INFO - 
================================================================================
DAG File Processing Stats

File Path                                       PID  Runtime      # DAGs    # Errors  Last Runtime    Last Run
--------------------------------------------  -----  ---------  --------  ----------  --------------  -------------------
/opt/airflow/dags/polymarket_pipeline_dag.py    359  0.00s             1           0  0.12s           2026-02-09T11:00:06
================================================================================
[2026-02-09T11:01:06.629+0000] {manager.py:879} INFO - 
================================================================================
DAG File Processing Stats

File Path                                       PID  Runtime      # DAGs    # Errors  Last Runtime    Last Run
--------------------------------------------  -----  ---------  --------  ----------  --------------  -------------------
/opt/airflow/dags/polymarket_pipeline_dag.py    370  0.00s             1           0  0.12s           2026-02-09T11:00:36
================================================================================
[2026-02-09T11:01:36.908+0000] {manager.py:879} INFO - 
================================================================================
DAG File Processing Stats

File Path                                       PID  Runtime      # DAGs    # Errors  Last Runtime    Last Run
--------------------------------------------  -----  ---------  --------  ----------  --------------  -------------------
/opt/airflow/dags/polymarket_pipeline_dag.py    381  0.00s             1           0  0.11s           2026-02-09T11:01:06
================================================================================
[2026-02-09T11:02:07.167+0000] {manager.py:879} INFO - 
================================================================================
DAG File Processing Stats

File Path                                       PID  Runtime      # DAGs    # Errors  Last Runtime    Last Run
--------------------------------------------  -----  ---------  --------  ----------  --------------  -------------------
/opt/airflow/dags/polymarket_pipeline_dag.py    392  0.00s             1           0  0.12s           2026-02-09T11:01:37
================================================================================
[2026-02-09T11:02:32.412+0000] {manager.py:738} INFO - Searching for files in /opt/airflow/dags
[2026-02-09T11:02:32.433+0000] {manager.py:741} INFO - There are 1 files in /opt/airflow/dags
[2026-02-09T11:02:37.491+0000] {manager.py:879} INFO - 
================================================================================
DAG File Processing Stats

File Path                                       PID  Runtime      # DAGs    # Errors  Last Runtime    Last Run
--------------------------------------------  -----  ---------  --------  ----------  --------------  -------------------
/opt/airflow/dags/polymarket_pipeline_dag.py    403  0.00s             1           0  0.13s           2026-02-09T11:02:07
================================================================================
[2026-02-09T11:03:07.698+0000] {manager.py:879} INFO - 
================================================================================
DAG File Processing Stats

File Path                                       PID  Runtime      # DAGs    # Errors  Last Runtime    Last Run
--------------------------------------------  -----  ---------  --------  ----------  --------------  -------------------
/opt/airflow/dags/polymarket_pipeline_dag.py    414  0.00s             1           0  0.11s           2026-02-09T11:02:37
================================================================================
[2026-02-09T11:03:37.994+0000] {manager.py:879} INFO - 
================================================================================
DAG File Processing Stats

File Path                                     PID    Runtime      # DAGs    # Errors  Last Runtime    Last Run
--------------------------------------------  -----  ---------  --------  ----------  --------------  -------------------
/opt/airflow/dags/polymarket_pipeline_dag.py                           0           1  0.08s           2026-02-09T11:03:26
================================================================================
[2026-02-09T11:04:08.233+0000] {manager.py:879} INFO - 
================================================================================
DAG File Processing Stats

File Path                                     PID    Runtime      # DAGs    # Errors  Last Runtime    Last Run
--------------------------------------------  -----  ---------  --------  ----------  --------------  -------------------
/opt/airflow/dags/polymarket_pipeline_dag.py                           1           0  0.20s           2026-02-09T11:03:48
================================================================================
[2026-02-09T11:04:38.573+0000] {manager.py:879} INFO - 
================================================================================
DAG File Processing Stats

File Path                                     PID    Runtime      # DAGs    # Errors  Last Runtime    Last Run
--------------------------------------------  -----  ---------  --------  ----------  --------------  -------------------
/opt/airflow/dags/polymarket_pipeline_dag.py                           1           0  0.12s           2026-02-09T11:04:18
================================================================================
[2026-02-09T11:05:08.822+0000] {manager.py:879} INFO - 
================================================================================
DAG File Processing Stats

File Path                                     PID    Runtime      # DAGs    # Errors  Last Runtime    Last Run
--------------------------------------------  -----  ---------  --------  ----------  --------------  -------------------
/opt/airflow/dags/polymarket_pipeline_dag.py                           1           0  0.15s           2026-02-09T11:04:48
================================================================================
[2026-02-09T11:05:39.189+0000] {manager.py:879} INFO - 
================================================================================
DAG File Processing Stats

File Path                                     PID    Runtime      # DAGs    # Errors  Last Runtime    Last Run
--------------------------------------------  -----  ---------  --------  ----------  --------------  -------------------
/opt/airflow/dags/polymarket_pipeline_dag.py                           1           0  0.11s           2026-02-09T11:05:19
================================================================================
[2026-02-09T11:06:09.449+0000] {manager.py:879} INFO - 
================================================================================
DAG File Processing Stats

File Path                                     PID    Runtime      # DAGs    # Errors  Last Runtime    Last Run
--------------------------------------------  -----  ---------  --------  ----------  --------------  -------------------
/opt/airflow/dags/polymarket_pipeline_dag.py                           1           0  0.11s           2026-02-09T11:05:49
================================================================================
[2026-02-09T11:06:33.379+0000] {manager.py:451} INFO - Exiting gracefully upon receiving signal 15
[2026-02-09T11:11:32.839+0000] {manager.py:469} INFO - Processing files using up to 2 processes at a time 
[2026-02-09T11:11:32.840+0000] {manager.py:470} INFO - Process each file at most once every 30 seconds
[2026-02-09T11:11:32.842+0000] {manager.py:471} INFO - Checking for new files in /opt/airflow/dags every 300 seconds
[2026-02-09T11:11:32.844+0000] {manager.py:738} INFO - Searching for files in /opt/airflow/dags
[2026-02-09T11:11:32.865+0000] {manager.py:741} INFO - There are 1 files in /opt/airflow/dags
[2026-02-09T11:11:32.998+0000] {manager.py:879} INFO - 
================================================================================
DAG File Processing Stats

File Path                                       PID  Runtime      # DAGs    # Errors  Last Runtime    Last Run
--------------------------------------------  -----  ---------  --------  ----------  --------------  ----------
/opt/airflow/dags/polymarket_pipeline_dag.py    178  0.05s             0           0
================================================================================
[2026-02-09T11:12:03.163+0000] {manager.py:879} INFO - 
================================================================================
DAG File Processing Stats

File Path                                     PID    Runtime      # DAGs    # Errors  Last Runtime    Last Run
--------------------------------------------  -----  ---------  --------  ----------  --------------  -------------------
/opt/airflow/dags/polymarket_pipeline_dag.py                           1           0  0.57s           2026-02-09T11:11:33
================================================================================
[2026-02-09T11:12:33.918+0000] {manager.py:879} INFO - 
================================================================================
DAG File Processing Stats

File Path                                       PID  Runtime      # DAGs    # Errors  Last Runtime    Last Run
--------------------------------------------  -----  ---------  --------  ----------  --------------  -------------------
/opt/airflow/dags/polymarket_pipeline_dag.py    200  0.00s             1           0  0.15s           2026-02-09T11:12:03
================================================================================
[2026-02-09T11:13:04.288+0000] {manager.py:879} INFO - 
================================================================================
DAG File Processing Stats

File Path                                       PID  Runtime      # DAGs    # Errors  Last Runtime    Last Run
--------------------------------------------  -----  ---------  --------  ----------  --------------  -------------------
/opt/airflow/dags/polymarket_pipeline_dag.py    211  0.00s             1           0  0.15s           2026-02-09T11:12:34
================================================================================
[2026-02-09T11:13:34.512+0000] {manager.py:879} INFO - 
================================================================================
DAG File Processing Stats

File Path                                       PID  Runtime      # DAGs    # Errors  Last Runtime    Last Run
--------------------------------------------  -----  ---------  --------  ----------  --------------  -------------------
/opt/airflow/dags/polymarket_pipeline_dag.py    222  0.00s             1           0  0.12s           2026-02-09T11:13:04
================================================================================
[2026-02-09T11:14:04.820+0000] {manager.py:879} INFO - 
================================================================================
DAG File Processing Stats

File Path                                       PID  Runtime      # DAGs    # Errors  Last Runtime    Last Run
--------------------------------------------  -----  ---------  --------  ----------  --------------  -------------------
/opt/airflow/dags/polymarket_pipeline_dag.py    233  0.00s             1           0  0.13s           2026-02-09T11:13:34
================================================================================
[2026-02-09T11:14:35.073+0000] {manager.py:879} INFO - 
================================================================================
DAG File Processing Stats

File Path                                       PID  Runtime      # DAGs    # Errors  Last Runtime    Last Run
--------------------------------------------  -----  ---------  --------  ----------  --------------  -------------------
/opt/airflow/dags/polymarket_pipeline_dag.py    245  0.00s             1           0  0.12s           2026-02-09T11:14:04
================================================================================
[2026-02-09T11:15:05.415+0000] {manager.py:879} INFO - 
================================================================================
DAG File Processing Stats

File Path                                       PID  Runtime      # DAGs    # Errors  Last Runtime    Last Run
--------------------------------------------  -----  ---------  --------  ----------  --------------  -------------------
/opt/airflow/dags/polymarket_pipeline_dag.py    256  0.00s             1           0  0.13s           2026-02-09T11:14:35
================================================================================
[2026-02-09T11:15:35.658+0000] {manager.py:879} INFO - 
================================================================================
DAG File Processing Stats

File Path                                       PID  Runtime      # DAGs    # Errors  Last Runtime    Last Run
--------------------------------------------  -----  ---------  --------  ----------  --------------  -------------------
/opt/airflow/dags/polymarket_pipeline_dag.py    267  0.00s             1           0  0.12s           2026-02-09T11:15:05
================================================================================
[2026-02-09T11:16:05.980+0000] {manager.py:879} INFO - 
================================================================================
DAG File Processing Stats

File Path                                       PID  Runtime      # DAGs    # Errors  Last Runtime    Last Run
--------------------------------------------  -----  ---------  --------  ----------  --------------  -------------------
/opt/airflow/dags/polymarket_pipeline_dag.py    278  0.00s             1           0  0.12s           2026-02-09T11:15:35
================================================================================
[2026-02-09T11:16:33.192+0000] {manager.py:738} INFO - Searching for files in /opt/airflow/dags
[2026-02-09T11:16:33.238+0000] {manager.py:741} INFO - There are 1 files in /opt/airflow/dags
[2026-02-09T11:16:36.310+0000] {manager.py:879} INFO - 
================================================================================
DAG File Processing Stats

File Path                                       PID  Runtime      # DAGs    # Errors  Last Runtime    Last Run
--------------------------------------------  -----  ---------  --------  ----------  --------------  -------------------
/opt/airflow/dags/polymarket_pipeline_dag.py    289  0.00s             1           0  0.11s           2026-02-09T11:16:06
================================================================================
[2026-02-09T11:17:06.532+0000] {manager.py:879} INFO - 
================================================================================
DAG File Processing Stats

File Path                                       PID  Runtime      # DAGs    # Errors  Last Runtime    Last Run
--------------------------------------------  -----  ---------  --------  ----------  --------------  -------------------
/opt/airflow/dags/polymarket_pipeline_dag.py    300  0.01s             1           0  0.12s           2026-02-09T11:16:36
================================================================================
[2026-02-09T11:17:36.799+0000] {manager.py:879} INFO - 
================================================================================
DAG File Processing Stats

File Path                                       PID  Runtime      # DAGs    # Errors  Last Runtime    Last Run
--------------------------------------------  -----  ---------  --------  ----------  --------------  -------------------
/opt/airflow/dags/polymarket_pipeline_dag.py    312  0.00s             1           0  0.15s           2026-02-09T11:17:06
================================================================================
[2026-02-09T11:18:07.022+0000] {manager.py:879} INFO - 
================================================================================
DAG File Processing Stats

File Path                                       PID  Runtime      # DAGs    # Errors  Last Runtime    Last Run
--------------------------------------------  -----  ---------  --------  ----------  --------------  -------------------
/opt/airflow/dags/polymarket_pipeline_dag.py    323  0.01s             1           0  0.13s           2026-02-09T11:17:36
================================================================================
[2026-02-09T11:18:37.271+0000] {manager.py:879} INFO - 
================================================================================
DAG File Processing Stats

File Path                                       PID  Runtime      # DAGs    # Errors  Last Runtime    Last Run
--------------------------------------------  -----  ---------  --------  ----------  --------------  -------------------
/opt/airflow/dags/polymarket_pipeline_dag.py    335  0.00s             1           0  0.15s           2026-02-09T11:18:07
================================================================================
[2026-02-09T11:19:07.511+0000] {manager.py:879} INFO - 
================================================================================
DAG File Processing Stats

File Path                                       PID  Runtime      # DAGs    # Errors  Last Runtime    Last Run
--------------------------------------------  -----  ---------  --------  ----------  --------------  -------------------
/opt/airflow/dags/polymarket_pipeline_dag.py    352  0.00s             1           0  0.21s           2026-02-09T11:18:37
================================================================================
[2026-02-09T11:19:37.713+0000] {manager.py:879} INFO - 
================================================================================
DAG File Processing Stats

File Path                                       PID  Runtime      # DAGs    # Errors  Last Runtime    Last Run
--------------------------------------------  -----  ---------  --------  ----------  --------------  -------------------
/opt/airflow/dags/polymarket_pipeline_dag.py    363  0.00s             1           0  0.13s           2026-02-09T11:19:07
================================================================================
[2026-02-09T11:20:07.992+0000] {manager.py:879} INFO - 
================================================================================
DAG File Processing Stats

File Path                                       PID  Runtime      # DAGs    # Errors  Last Runtime    Last Run
--------------------------------------------  -----  ---------  --------  ----------  --------------  -------------------
/opt/airflow/dags/polymarket_pipeline_dag.py    374  0.00s             1           0  0.12s           2026-02-09T11:19:37
================================================================================
[2026-02-09T11:20:38.207+0000] {manager.py:879} INFO - 
================================================================================
DAG File Processing Stats

File Path                                       PID  Runtime      # DAGs    # Errors  Last Runtime    Last Run
--------------------------------------------  -----  ---------  --------  ----------  --------------  -------------------
/opt/airflow/dags/polymarket_pipeline_dag.py    385  0.00s             1           0  0.11s           2026-02-09T11:20:08
================================================================================
[2026-02-09T11:21:08.454+0000] {manager.py:879} INFO - 
================================================================================
DAG File Processing Stats

File Path                                       PID  Runtime      # DAGs    # Errors  Last Runtime    Last Run
--------------------------------------------  -----  ---------  --------  ----------  --------------  -------------------
/opt/airflow/dags/polymarket_pipeline_dag.py    396  0.00s             1           0  0.11s           2026-02-09T11:20:38
================================================================================
[2026-02-09T11:21:33.626+0000] {manager.py:738} INFO - Searching for files in /opt/airflow/dags
[2026-02-09T11:21:33.641+0000] {manager.py:741} INFO - There are 1 files in /opt/airflow/dags
[2026-02-09T11:21:38.697+0000] {manager.py:879} INFO - 
================================================================================
DAG File Processing Stats

File Path                                       PID  Runtime      # DAGs    # Errors  Last Runtime    Last Run
--------------------------------------------  -----  ---------  --------  ----------  --------------  -------------------
/opt/airflow/dags/polymarket_pipeline_dag.py    407  0.00s             1           0  0.12s           2026-02-09T11:21:08
================================================================================
[2026-02-09T11:22:08.930+0000] {manager.py:879} INFO - 
================================================================================
DAG File Processing Stats

File Path                                       PID  Runtime      # DAGs    # Errors  Last Runtime    Last Run
--------------------------------------------  -----  ---------  --------  ----------  --------------  -------------------
/opt/airflow/dags/polymarket_pipeline_dag.py    418  0.00s             1           0  0.15s           2026-02-09T11:21:38
================================================================================
[2026-02-09T11:22:39.224+0000] {manager.py:879} INFO - 
================================================================================
DAG File Processing Stats

File Path                                       PID  Runtime      # DAGs    # Errors  Last Runtime    Last Run
--------------------------------------------  -----  ---------  --------  ----------  --------------  -------------------
/opt/airflow/dags/polymarket_pipeline_dag.py    429  0.00s             1           0  0.11s           2026-02-09T11:22:09
================================================================================
[2026-02-09T11:23:09.437+0000] {manager.py:879} INFO - 
================================================================================
DAG File Processing Stats

File Path                                       PID  Runtime      # DAGs    # Errors  Last Runtime    Last Run
--------------------------------------------  -----  ---------  --------  ----------  --------------  -------------------
/opt/airflow/dags/polymarket_pipeline_dag.py    440  0.00s             1           0  0.12s           2026-02-09T11:22:39
================================================================================
[2026-02-09T11:23:39.717+0000] {manager.py:879} INFO - 
================================================================================
DAG File Processing Stats

File Path                                       PID  Runtime      # DAGs    # Errors  Last Runtime    Last Run
--------------------------------------------  -----  ---------  --------  ----------  --------------  -------------------
/opt/airflow/dags/polymarket_pipeline_dag.py    452  0.00s             1           0  0.11s           2026-02-09T11:23:09
================================================================================
[2026-02-09T11:24:09.931+0000] {manager.py:879} INFO - 
================================================================================
DAG File Processing Stats

File Path                                       PID  Runtime      # DAGs    # Errors  Last Runtime    Last Run
--------------------------------------------  -----  ---------  --------  ----------  --------------  -------------------
/opt/airflow/dags/polymarket_pipeline_dag.py    463  0.00s             1           0  0.12s           2026-02-09T11:23:39
================================================================================
[2026-02-09T11:24:40.193+0000] {manager.py:879} INFO - 
================================================================================
DAG File Processing Stats

File Path                                       PID  Runtime      # DAGs    # Errors  Last Runtime    Last Run
--------------------------------------------  -----  ---------  --------  ----------  --------------  -------------------
/opt/airflow/dags/polymarket_pipeline_dag.py    474  0.00s             1           0  0.13s           2026-02-09T11:24:10
================================================================================
[2026-02-09T11:25:10.438+0000] {manager.py:879} INFO - 
================================================================================
DAG File Processing Stats

File Path                                       PID  Runtime      # DAGs    # Errors  Last Runtime    Last Run
--------------------------------------------  -----  ---------  --------  ----------  --------------  -------------------
/opt/airflow/dags/polymarket_pipeline_dag.py    485  0.00s             1           0  0.12s           2026-02-09T11:24:40
================================================================================
[2026-02-09T11:25:43.892+0000] {manager.py:879} INFO - 
================================================================================
DAG File Processing Stats

File Path                                     PID    Runtime      # DAGs    # Errors  Last Runtime    Last Run
--------------------------------------------  -----  ---------  --------  ----------  --------------  -------------------
/opt/airflow/dags/polymarket_pipeline_dag.py                           1           0  0.15s           2026-02-09T11:25:40
================================================================================
[2026-02-09T11:26:14.230+0000] {manager.py:879} INFO - 
================================================================================
DAG File Processing Stats

File Path                                     PID    Runtime      # DAGs    # Errors  Last Runtime    Last Run
--------------------------------------------  -----  ---------  --------  ----------  --------------  -------------------
/opt/airflow/dags/polymarket_pipeline_dag.py                           1           0  0.12s           2026-02-09T11:26:11
================================================================================
[2026-02-09T11:32:36.809+0000] {manager.py:738} INFO - Searching for files in /opt/airflow/dags
[2026-02-09T11:32:36.831+0000] {manager.py:741} INFO - There are 1 files in /opt/airflow/dags
[2026-02-09T11:32:51.998+0000] {manager.py:879} INFO - 
================================================================================
DAG File Processing Stats

File Path                                     PID    Runtime      # DAGs    # Errors  Last Runtime    Last Run
--------------------------------------------  -----  ---------  --------  ----------  --------------  -------------------
/opt/airflow/dags/polymarket_pipeline_dag.py                           1           0  0.20s           2026-02-09T11:32:37
================================================================================
[2026-02-09T11:35:20.743+0000] {manager.py:469} INFO - Processing files using up to 2 processes at a time 
[2026-02-09T11:35:20.744+0000] {manager.py:470} INFO - Process each file at most once every 30 seconds
[2026-02-09T11:35:20.746+0000] {manager.py:471} INFO - Checking for new files in /opt/airflow/dags every 300 seconds
[2026-02-09T11:35:20.748+0000] {manager.py:738} INFO - Searching for files in /opt/airflow/dags
[2026-02-09T11:35:20.771+0000] {manager.py:741} INFO - There are 1 files in /opt/airflow/dags
[2026-02-09T11:35:20.893+0000] {manager.py:879} INFO - 
================================================================================
DAG File Processing Stats

File Path                                       PID  Runtime      # DAGs    # Errors  Last Runtime    Last Run
--------------------------------------------  -----  ---------  --------  ----------  --------------  ----------
/opt/airflow/dags/polymarket_pipeline_dag.py    178  0.05s             0           0
================================================================================
[2026-02-09T11:35:51.096+0000] {manager.py:879} INFO - 
================================================================================
DAG File Processing Stats

File Path                                     PID    Runtime      # DAGs    # Errors  Last Runtime    Last Run
--------------------------------------------  -----  ---------  --------  ----------  --------------  -------------------
/opt/airflow/dags/polymarket_pipeline_dag.py                           1           0  0.39s           2026-02-09T11:35:21
================================================================================
[2026-02-09T11:36:21.738+0000] {manager.py:879} INFO - 
================================================================================
DAG File Processing Stats

File Path                                       PID  Runtime      # DAGs    # Errors  Last Runtime    Last Run
--------------------------------------------  -----  ---------  --------  ----------  --------------  -------------------
/opt/airflow/dags/polymarket_pipeline_dag.py    201  0.00s             1           0  0.12s           2026-02-09T11:35:51
================================================================================
[2026-02-09T11:36:52.040+0000] {manager.py:879} INFO - 
================================================================================
DAG File Processing Stats

File Path                                       PID  Runtime      # DAGs    # Errors  Last Runtime    Last Run
--------------------------------------------  -----  ---------  --------  ----------  --------------  -------------------
/opt/airflow/dags/polymarket_pipeline_dag.py    212  0.00s             1           0  0.11s           2026-02-09T11:36:21
================================================================================
[2026-02-09T11:37:22.336+0000] {manager.py:879} INFO - 
================================================================================
DAG File Processing Stats

File Path                                       PID  Runtime      # DAGs    # Errors  Last Runtime    Last Run
--------------------------------------------  -----  ---------  --------  ----------  --------------  -------------------
/opt/airflow/dags/polymarket_pipeline_dag.py    223  0.00s             1           0  0.12s           2026-02-09T11:36:52
================================================================================
[2026-02-09T11:37:52.639+0000] {manager.py:879} INFO - 
================================================================================
DAG File Processing Stats

File Path                                       PID  Runtime      # DAGs    # Errors  Last Runtime    Last Run
--------------------------------------------  -----  ---------  --------  ----------  --------------  -------------------
/opt/airflow/dags/polymarket_pipeline_dag.py    234  0.00s             1           0  0.13s           2026-02-09T11:37:22
================================================================================
[2026-02-09T11:38:22.929+0000] {manager.py:879} INFO - 
================================================================================
DAG File Processing Stats

File Path                                       PID  Runtime      # DAGs    # Errors  Last Runtime    Last Run
--------------------------------------------  -----  ---------  --------  ----------  --------------  -------------------
/opt/airflow/dags/polymarket_pipeline_dag.py    245  0.00s             1           0  0.13s           2026-02-09T11:37:52
================================================================================
[2026-02-09T11:38:53.280+0000] {manager.py:879} INFO - 
================================================================================
DAG File Processing Stats

File Path                                       PID  Runtime      # DAGs    # Errors  Last Runtime    Last Run
--------------------------------------------  -----  ---------  --------  ----------  --------------  -------------------
/opt/airflow/dags/polymarket_pipeline_dag.py    256  0.00s             1           0  0.11s           2026-02-09T11:38:23
================================================================================
[2026-02-09T11:39:23.530+0000] {manager.py:879} INFO - 
================================================================================
DAG File Processing Stats

File Path                                       PID  Runtime      # DAGs    # Errors  Last Runtime    Last Run
--------------------------------------------  -----  ---------  --------  ----------  --------------  -------------------
/opt/airflow/dags/polymarket_pipeline_dag.py    267  0.00s             1           0  0.14s           2026-02-09T11:38:53
================================================================================
[2026-02-09T11:39:53.882+0000] {manager.py:879} INFO - 
================================================================================
DAG File Processing Stats

File Path                                       PID  Runtime      # DAGs    # Errors  Last Runtime    Last Run
--------------------------------------------  -----  ---------  --------  ----------  --------------  -------------------
/opt/airflow/dags/polymarket_pipeline_dag.py    278  0.00s             1           0  0.13s           2026-02-09T11:39:23
================================================================================
[2026-02-09T11:40:21.093+0000] {manager.py:738} INFO - Searching for files in /opt/airflow/dags
[2026-02-09T11:40:21.114+0000] {manager.py:741} INFO - There are 1 files in /opt/airflow/dags
[2026-02-09T11:40:24.178+0000] {manager.py:879} INFO - 
================================================================================
DAG File Processing Stats

File Path                                       PID  Runtime      # DAGs    # Errors  Last Runtime    Last Run
--------------------------------------------  -----  ---------  --------  ----------  --------------  -------------------
/opt/airflow/dags/polymarket_pipeline_dag.py    289  0.00s             1           0  0.12s           2026-02-09T11:39:53
================================================================================
[2026-02-09T11:40:54.472+0000] {manager.py:879} INFO - 
================================================================================
DAG File Processing Stats

File Path                                       PID  Runtime      # DAGs    # Errors  Last Runtime    Last Run
--------------------------------------------  -----  ---------  --------  ----------  --------------  -------------------
/opt/airflow/dags/polymarket_pipeline_dag.py    304  0.00s             1           0  0.13s           2026-02-09T11:40:24
================================================================================
[2026-02-09T11:41:24.731+0000] {manager.py:879} INFO - 
================================================================================
DAG File Processing Stats

File Path                                       PID  Runtime      # DAGs    # Errors  Last Runtime    Last Run
--------------------------------------------  -----  ---------  --------  ----------  --------------  -------------------
/opt/airflow/dags/polymarket_pipeline_dag.py    315  0.00s             1           0  0.11s           2026-02-09T11:40:54
================================================================================
[2026-02-09T11:41:55.046+0000] {manager.py:879} INFO - 
================================================================================
DAG File Processing Stats

File Path                                       PID  Runtime      # DAGs    # Errors  Last Runtime    Last Run
--------------------------------------------  -----  ---------  --------  ----------  --------------  -------------------
/opt/airflow/dags/polymarket_pipeline_dag.py    326  0.00s             1           0  0.12s           2026-02-09T11:41:24
================================================================================
[2026-02-09T11:42:25.329+0000] {manager.py:879} INFO - 
================================================================================
DAG File Processing Stats

File Path                                       PID  Runtime      # DAGs    # Errors  Last Runtime    Last Run
--------------------------------------------  -----  ---------  --------  ----------  --------------  -------------------
/opt/airflow/dags/polymarket_pipeline_dag.py    337  0.00s             1           0  0.11s           2026-02-09T11:41:55
================================================================================
[2026-02-09T11:42:55.604+0000] {manager.py:879} INFO - 
================================================================================
DAG File Processing Stats

File Path                                       PID  Runtime      # DAGs    # Errors  Last Runtime    Last Run
--------------------------------------------  -----  ---------  --------  ----------  --------------  -------------------
/opt/airflow/dags/polymarket_pipeline_dag.py    354  0.00s             1           0  0.17s           2026-02-09T11:42:25
================================================================================
[2026-02-09T11:43:25.936+0000] {manager.py:879} INFO - 
================================================================================
DAG File Processing Stats

File Path                                       PID  Runtime      # DAGs    # Errors  Last Runtime    Last Run
--------------------------------------------  -----  ---------  --------  ----------  --------------  -------------------
/opt/airflow/dags/polymarket_pipeline_dag.py    365  0.00s             1           0  0.14s           2026-02-09T11:42:55
================================================================================
[2026-02-09T11:43:56.178+0000] {manager.py:879} INFO - 
================================================================================
DAG File Processing Stats

File Path                                       PID  Runtime      # DAGs    # Errors  Last Runtime    Last Run
--------------------------------------------  -----  ---------  --------  ----------  --------------  -------------------
/opt/airflow/dags/polymarket_pipeline_dag.py    376  0.00s             1           0  0.13s           2026-02-09T11:43:26
================================================================================
[2026-02-09T11:44:26.549+0000] {manager.py:879} INFO - 
================================================================================
DAG File Processing Stats

File Path                                       PID  Runtime      # DAGs    # Errors  Last Runtime    Last Run
--------------------------------------------  -----  ---------  --------  ----------  --------------  -------------------
/opt/airflow/dags/polymarket_pipeline_dag.py    387  0.00s             1           0  0.11s           2026-02-09T11:43:56
================================================================================
[2026-02-09T11:44:56.828+0000] {manager.py:879} INFO - 
================================================================================
DAG File Processing Stats

File Path                                       PID  Runtime      # DAGs    # Errors  Last Runtime    Last Run
--------------------------------------------  -----  ---------  --------  ----------  --------------  -------------------
/opt/airflow/dags/polymarket_pipeline_dag.py    398  0.00s             1           0  0.12s           2026-02-09T11:44:26
================================================================================
[2026-02-09T11:45:21.112+0000] {manager.py:738} INFO - Searching for files in /opt/airflow/dags
[2026-02-09T11:45:21.128+0000] {manager.py:741} INFO - There are 1 files in /opt/airflow/dags
[2026-02-09T11:45:27.161+0000] {manager.py:879} INFO - 
================================================================================
DAG File Processing Stats

File Path                                       PID  Runtime      # DAGs    # Errors  Last Runtime    Last Run
--------------------------------------------  -----  ---------  --------  ----------  --------------  -------------------
/opt/airflow/dags/polymarket_pipeline_dag.py    409  0.00s             1           0  0.13s           2026-02-09T11:44:56
================================================================================
[2026-02-09T11:45:57.487+0000] {manager.py:879} INFO - 
================================================================================
DAG File Processing Stats

File Path                                       PID  Runtime      # DAGs    # Errors  Last Runtime    Last Run
--------------------------------------------  -----  ---------  --------  ----------  --------------  -------------------
/opt/airflow/dags/polymarket_pipeline_dag.py    424  0.00s             1           0  0.12s           2026-02-09T11:45:27
================================================================================
[2026-02-09T11:46:27.796+0000] {manager.py:879} INFO - 
================================================================================
DAG File Processing Stats

File Path                                       PID  Runtime      # DAGs    # Errors  Last Runtime    Last Run
--------------------------------------------  -----  ---------  --------  ----------  --------------  -------------------
/opt/airflow/dags/polymarket_pipeline_dag.py    435  0.00s             1           0  0.12s           2026-02-09T11:45:57
================================================================================
[2026-02-09T11:46:58.087+0000] {manager.py:879} INFO - 
================================================================================
DAG File Processing Stats

File Path                                       PID  Runtime      # DAGs    # Errors  Last Runtime    Last Run
--------------------------------------------  -----  ---------  --------  ----------  --------------  -------------------
/opt/airflow/dags/polymarket_pipeline_dag.py    446  0.00s             1           0  0.11s           2026-02-09T11:46:27
================================================================================
[2026-02-09T11:47:28.372+0000] {manager.py:879} INFO - 
================================================================================
DAG File Processing Stats

File Path                                       PID  Runtime      # DAGs    # Errors  Last Runtime    Last Run
--------------------------------------------  -----  ---------  --------  ----------  --------------  -------------------
/opt/airflow/dags/polymarket_pipeline_dag.py    457  0.00s             1           0  0.15s           2026-02-09T11:46:58
================================================================================
[2026-02-09T11:47:58.733+0000] {manager.py:879} INFO - 
================================================================================
DAG File Processing Stats

File Path                                       PID  Runtime      # DAGs    # Errors  Last Runtime    Last Run
--------------------------------------------  -----  ---------  --------  ----------  --------------  -------------------
/opt/airflow/dags/polymarket_pipeline_dag.py    468  0.01s             1           0  0.11s           2026-02-09T11:47:28
================================================================================
[2026-02-09T11:51:41.867+0000] {manager.py:738} INFO - Searching for files in /opt/airflow/dags
[2026-02-09T11:51:41.952+0000] {manager.py:741} INFO - There are 1 files in /opt/airflow/dags
[2026-02-09T11:52:04.270+0000] {manager.py:879} INFO - 
================================================================================
DAG File Processing Stats

File Path                                     PID    Runtime      # DAGs    # Errors  Last Runtime    Last Run
--------------------------------------------  -----  ---------  --------  ----------  --------------  -------------------
/opt/airflow/dags/polymarket_pipeline_dag.py                           1           0  0.12s           2026-02-09T11:51:42
================================================================================
[2026-02-09T11:52:34.545+0000] {manager.py:879} INFO - 
================================================================================
DAG File Processing Stats

File Path                                     PID    Runtime      # DAGs    # Errors  Last Runtime    Last Run
--------------------------------------------  -----  ---------  --------  ----------  --------------  -------------------
/opt/airflow/dags/polymarket_pipeline_dag.py                           1           0  0.12s           2026-02-09T11:52:12
================================================================================
[2026-02-09T11:53:04.851+0000] {manager.py:879} INFO - 
================================================================================
DAG File Processing Stats

File Path                                     PID    Runtime      # DAGs    # Errors  Last Runtime    Last Run
--------------------------------------------  -----  ---------  --------  ----------  --------------  -------------------
/opt/airflow/dags/polymarket_pipeline_dag.py                           1           0  0.13s           2026-02-09T11:52:42
================================================================================
[2026-02-09T11:53:35.138+0000] {manager.py:879} INFO - 
================================================================================
DAG File Processing Stats

File Path                                     PID    Runtime      # DAGs    # Errors  Last Runtime    Last Run
--------------------------------------------  -----  ---------  --------  ----------  --------------  -------------------
/opt/airflow/dags/polymarket_pipeline_dag.py                           1           0  0.12s           2026-02-09T11:53:13
================================================================================
[2026-02-09T11:54:05.405+0000] {manager.py:879} INFO - 
================================================================================
DAG File Processing Stats

File Path                                     PID    Runtime      # DAGs    # Errors  Last Runtime    Last Run
--------------------------------------------  -----  ---------  --------  ----------  --------------  -------------------
/opt/airflow/dags/polymarket_pipeline_dag.py                           1           0  0.13s           2026-02-09T11:53:43
================================================================================
[2026-02-09T11:54:35.729+0000] {manager.py:879} INFO - 
================================================================================
DAG File Processing Stats

File Path                                     PID    Runtime      # DAGs    # Errors  Last Runtime    Last Run
--------------------------------------------  -----  ---------  --------  ----------  --------------  -------------------
/opt/airflow/dags/polymarket_pipeline_dag.py                           1           0  0.12s           2026-02-09T11:54:13
================================================================================
[2026-02-09T11:55:05.949+0000] {manager.py:879} INFO - 
================================================================================
DAG File Processing Stats

File Path                                     PID    Runtime      # DAGs    # Errors  Last Runtime    Last Run
--------------------------------------------  -----  ---------  --------  ----------  --------------  -------------------
/opt/airflow/dags/polymarket_pipeline_dag.py                           1           0  0.12s           2026-02-09T11:54:43
================================================================================
[2026-02-09T11:55:36.347+0000] {manager.py:879} INFO - 
================================================================================
DAG File Processing Stats

File Path                                     PID    Runtime      # DAGs    # Errors  Last Runtime    Last Run
--------------------------------------------  -----  ---------  --------  ----------  --------------  -------------------
/opt/airflow/dags/polymarket_pipeline_dag.py                           1           0  0.13s           2026-02-09T11:55:14
================================================================================
[2026-02-09T11:56:06.647+0000] {manager.py:879} INFO - 
================================================================================
DAG File Processing Stats

File Path                                     PID    Runtime      # DAGs    # Errors  Last Runtime    Last Run
--------------------------------------------  -----  ---------  --------  ----------  --------------  -------------------
/opt/airflow/dags/polymarket_pipeline_dag.py                           1           0  0.11s           2026-02-09T11:55:44
================================================================================
[2026-02-09T11:56:37.023+0000] {manager.py:879} INFO - 
================================================================================
DAG File Processing Stats

File Path                                     PID    Runtime      # DAGs    # Errors  Last Runtime    Last Run
--------------------------------------------  -----  ---------  --------  ----------  --------------  -------------------
/opt/airflow/dags/polymarket_pipeline_dag.py                           1           0  0.11s           2026-02-09T11:56:14
================================================================================
[2026-02-09T11:58:59.133+0000] {manager.py:469} INFO - Processing files using up to 2 processes at a time 
[2026-02-09T11:58:59.134+0000] {manager.py:470} INFO - Process each file at most once every 30 seconds
[2026-02-09T11:58:59.136+0000] {manager.py:471} INFO - Checking for new files in /opt/airflow/dags every 300 seconds
[2026-02-09T11:58:59.137+0000] {manager.py:738} INFO - Searching for files in /opt/airflow/dags
[2026-02-09T11:58:59.157+0000] {manager.py:741} INFO - There are 1 files in /opt/airflow/dags
[2026-02-09T11:58:59.269+0000] {manager.py:879} INFO - 
================================================================================
DAG File Processing Stats

File Path                                       PID  Runtime      # DAGs    # Errors  Last Runtime    Last Run
--------------------------------------------  -----  ---------  --------  ----------  --------------  ----------
/opt/airflow/dags/polymarket_pipeline_dag.py    204  0.04s             0           0
================================================================================
[2026-02-09T11:59:29.465+0000] {manager.py:879} INFO - 
================================================================================
DAG File Processing Stats

File Path                                     PID    Runtime      # DAGs    # Errors  Last Runtime    Last Run
--------------------------------------------  -----  ---------  --------  ----------  --------------  -------------------
/opt/airflow/dags/polymarket_pipeline_dag.py                           1           0  0.37s           2026-02-09T11:58:59
================================================================================
[2026-02-09T12:00:00.032+0000] {manager.py:879} INFO - 
================================================================================
DAG File Processing Stats

File Path                                       PID  Runtime      # DAGs    # Errors  Last Runtime    Last Run
--------------------------------------------  -----  ---------  --------  ----------  --------------  -------------------
/opt/airflow/dags/polymarket_pipeline_dag.py    286  0.00s             1           0  0.11s           2026-02-09T11:59:29
================================================================================
[2026-02-09T12:00:30.326+0000] {manager.py:879} INFO - 
================================================================================
DAG File Processing Stats

File Path                                       PID  Runtime      # DAGs    # Errors  Last Runtime    Last Run
--------------------------------------------  -----  ---------  --------  ----------  --------------  -------------------
/opt/airflow/dags/polymarket_pipeline_dag.py    327  0.00s             1           0  0.24s           2026-02-09T12:00:00
================================================================================
[2026-02-09T12:01:00.647+0000] {manager.py:879} INFO - 
================================================================================
DAG File Processing Stats

File Path                                       PID  Runtime      # DAGs    # Errors  Last Runtime    Last Run
--------------------------------------------  -----  ---------  --------  ----------  --------------  -------------------
/opt/airflow/dags/polymarket_pipeline_dag.py    404  0.00s             1           0  0.28s           2026-02-09T12:00:30
================================================================================
[2026-02-09T12:01:31.020+0000] {manager.py:879} INFO - 
================================================================================
DAG File Processing Stats

File Path                                       PID  Runtime      # DAGs    # Errors  Last Runtime    Last Run
--------------------------------------------  -----  ---------  --------  ----------  --------------  -------------------
/opt/airflow/dags/polymarket_pipeline_dag.py    415  0.00s             1           0  0.12s           2026-02-09T12:01:00
================================================================================
[2026-02-09T12:02:01.240+0000] {manager.py:879} INFO - 
================================================================================
DAG File Processing Stats

File Path                                       PID  Runtime      # DAGs    # Errors  Last Runtime    Last Run
--------------------------------------------  -----  ---------  --------  ----------  --------------  -------------------
/opt/airflow/dags/polymarket_pipeline_dag.py    426  0.00s             1           0  0.14s           2026-02-09T12:01:31
================================================================================
[2026-02-09T12:02:31.592+0000] {manager.py:879} INFO - 
================================================================================
DAG File Processing Stats

File Path                                       PID  Runtime      # DAGs    # Errors  Last Runtime    Last Run
--------------------------------------------  -----  ---------  --------  ----------  --------------  -------------------
/opt/airflow/dags/polymarket_pipeline_dag.py    437  0.00s             1           0  0.13s           2026-02-09T12:02:01
================================================================================
[2026-02-09T12:03:01.893+0000] {manager.py:879} INFO - 
================================================================================
DAG File Processing Stats

File Path                                       PID  Runtime      # DAGs    # Errors  Last Runtime    Last Run
--------------------------------------------  -----  ---------  --------  ----------  --------------  -------------------
/opt/airflow/dags/polymarket_pipeline_dag.py    455  0.00s             1           0  0.15s           2026-02-09T12:02:31
================================================================================
[2026-02-09T12:03:32.295+0000] {manager.py:879} INFO - 
================================================================================
DAG File Processing Stats

File Path                                       PID  Runtime      # DAGs    # Errors  Last Runtime    Last Run
--------------------------------------------  -----  ---------  --------  ----------  --------------  -------------------
/opt/airflow/dags/polymarket_pipeline_dag.py    466  0.00s             1           0  0.13s           2026-02-09T12:03:02
================================================================================
[2026-02-09T12:03:59.521+0000] {manager.py:738} INFO - Searching for files in /opt/airflow/dags
[2026-02-09T12:03:59.563+0000] {manager.py:741} INFO - There are 1 files in /opt/airflow/dags
[2026-02-09T12:04:02.641+0000] {manager.py:879} INFO - 
================================================================================
DAG File Processing Stats

File Path                                       PID  Runtime      # DAGs    # Errors  Last Runtime    Last Run
--------------------------------------------  -----  ---------  --------  ----------  --------------  -------------------
/opt/airflow/dags/polymarket_pipeline_dag.py    477  0.00s             1           0  0.11s           2026-02-09T12:03:32
================================================================================
[2026-02-09T12:04:32.954+0000] {manager.py:879} INFO - 
================================================================================
DAG File Processing Stats

File Path                                       PID  Runtime      # DAGs    # Errors  Last Runtime    Last Run
--------------------------------------------  -----  ---------  --------  ----------  --------------  -------------------
/opt/airflow/dags/polymarket_pipeline_dag.py    489  0.00s             1           0  0.14s           2026-02-09T12:04:02
================================================================================
[2026-02-09T12:05:03.363+0000] {manager.py:879} INFO - 
================================================================================
DAG File Processing Stats

File Path                                       PID  Runtime      # DAGs    # Errors  Last Runtime    Last Run
--------------------------------------------  -----  ---------  --------  ----------  --------------  -------------------
/opt/airflow/dags/polymarket_pipeline_dag.py    500  0.00s             1           0  0.11s           2026-02-09T12:04:33
================================================================================
[2026-02-09T12:05:33.631+0000] {manager.py:879} INFO - 
================================================================================
DAG File Processing Stats

File Path                                       PID  Runtime      # DAGs    # Errors  Last Runtime    Last Run
--------------------------------------------  -----  ---------  --------  ----------  --------------  -------------------
/opt/airflow/dags/polymarket_pipeline_dag.py    511  0.00s             1           0  0.13s           2026-02-09T12:05:03
================================================================================
[2026-02-09T12:06:04.012+0000] {manager.py:879} INFO - 
================================================================================
DAG File Processing Stats

File Path                                       PID  Runtime      # DAGs    # Errors  Last Runtime    Last Run
--------------------------------------------  -----  ---------  --------  ----------  --------------  -------------------
/opt/airflow/dags/polymarket_pipeline_dag.py    547  0.00s             1           0  0.12s           2026-02-09T12:05:33
================================================================================
[2026-02-09T12:06:34.241+0000] {manager.py:879} INFO - 
================================================================================
DAG File Processing Stats

File Path                                       PID  Runtime      # DAGs    # Errors  Last Runtime    Last Run
--------------------------------------------  -----  ---------  --------  ----------  --------------  -------------------
/opt/airflow/dags/polymarket_pipeline_dag.py    558  0.00s             1           0  0.11s           2026-02-09T12:06:04
================================================================================
[2026-02-09T12:07:04.561+0000] {manager.py:879} INFO - 
================================================================================
DAG File Processing Stats

File Path                                       PID  Runtime      # DAGs    # Errors  Last Runtime    Last Run
--------------------------------------------  -----  ---------  --------  ----------  --------------  -------------------
/opt/airflow/dags/polymarket_pipeline_dag.py    569  0.00s             1           0  0.11s           2026-02-09T12:06:34
================================================================================
[2026-02-09T12:07:34.878+0000] {manager.py:879} INFO - 
================================================================================
DAG File Processing Stats

File Path                                       PID  Runtime      # DAGs    # Errors  Last Runtime    Last Run
--------------------------------------------  -----  ---------  --------  ----------  --------------  -------------------
/opt/airflow/dags/polymarket_pipeline_dag.py    580  0.00s             1           0  0.12s           2026-02-09T12:07:04
================================================================================
[2026-02-09T12:08:05.290+0000] {manager.py:879} INFO - 
================================================================================
DAG File Processing Stats

File Path                                       PID  Runtime      # DAGs    # Errors  Last Runtime    Last Run
--------------------------------------------  -----  ---------  --------  ----------  --------------  -------------------
/opt/airflow/dags/polymarket_pipeline_dag.py    591  0.00s             1           0  0.12s           2026-02-09T12:07:34
================================================================================
[2026-02-09T12:08:35.559+0000] {manager.py:879} INFO - 
================================================================================
DAG File Processing Stats

File Path                                       PID  Runtime      # DAGs    # Errors  Last Runtime    Last Run
--------------------------------------------  -----  ---------  --------  ----------  --------------  -------------------
/opt/airflow/dags/polymarket_pipeline_dag.py    602  0.00s             1           0  0.15s           2026-02-09T12:08:05
================================================================================
