[2026-02-09T11:51:41.551+0000] {taskinstance.py:1956} INFO - Dependencies all met for dep_context=non-requeueable deps ti=<TaskInstance: polymarket_data_pipeline.check_kafka_ready scheduled__2026-02-09T10:00:00+00:00 [queued]>
[2026-02-09T11:51:41.560+0000] {taskinstance.py:1956} INFO - Dependencies all met for dep_context=requeueable deps ti=<TaskInstance: polymarket_data_pipeline.check_kafka_ready scheduled__2026-02-09T10:00:00+00:00 [queued]>
[2026-02-09T11:51:41.561+0000] {taskinstance.py:2170} INFO - Starting attempt 3 of 3
[2026-02-09T11:51:41.575+0000] {taskinstance.py:2191} INFO - Executing <Task(PythonSensor): check_kafka_ready> on 2026-02-09 10:00:00+00:00
[2026-02-09T11:51:41.580+0000] {standard_task_runner.py:60} INFO - Started process 477 to run task
[2026-02-09T11:51:41.583+0000] {standard_task_runner.py:87} INFO - Running: ['***', 'tasks', 'run', 'polymarket_data_pipeline', 'check_kafka_ready', 'scheduled__2026-02-09T10:00:00+00:00', '--job-id', '7', '--raw', '--subdir', 'DAGS_FOLDER/polymarket_pipeline_dag.py', '--cfg-path', '/tmp/tmp5z7y9m1p']
[2026-02-09T11:51:41.586+0000] {standard_task_runner.py:88} INFO - Job 7: Subtask check_kafka_ready
[2026-02-09T11:51:41.636+0000] {task_command.py:423} INFO - Running <TaskInstance: polymarket_data_pipeline.check_kafka_ready scheduled__2026-02-09T10:00:00+00:00 [running]> on host 3093abd31443
[2026-02-09T11:51:41.719+0000] {taskinstance.py:2480} INFO - Exporting env vars: AIRFLOW_CTX_DAG_OWNER='polymarket' AIRFLOW_CTX_DAG_ID='polymarket_data_pipeline' AIRFLOW_CTX_TASK_ID='check_kafka_ready' AIRFLOW_CTX_EXECUTION_DATE='2026-02-09T10:00:00+00:00' AIRFLOW_CTX_TRY_NUMBER='3' AIRFLOW_CTX_DAG_RUN_ID='scheduled__2026-02-09T10:00:00+00:00'
[2026-02-09T11:51:41.720+0000] {python.py:75} INFO - Poking callable: <function check_kafka_available at 0x7f9b50bdbce0>
[2026-02-09T11:51:41.723+0000] {taskinstance.py:2698} ERROR - Task failed with exception
Traceback (most recent call last):
  File "/home/airflow/.local/lib/python3.11/site-packages/airflow/models/taskinstance.py", line 433, in _execute_task
    result = execute_callable(context=context, **execute_callable_kwargs)
             ^^^^^^^^^^^^^^^^^^^^^^^^^^^^^^^^^^^^^^^^^^^^^^^^^^^^^^^^^^^^
  File "/home/airflow/.local/lib/python3.11/site-packages/airflow/sensors/base.py", line 265, in execute
    raise e
  File "/home/airflow/.local/lib/python3.11/site-packages/airflow/sensors/base.py", line 247, in execute
    poke_return = self.poke(context)
                  ^^^^^^^^^^^^^^^^^^
  File "/home/airflow/.local/lib/python3.11/site-packages/airflow/sensors/python.py", line 76, in poke
    return_value = self.python_callable(*self.op_args, **self.op_kwargs)
                   ^^^^^^^^^^^^^^^^^^^^^^^^^^^^^^^^^^^^^^^^^^^^^^^^^^^^^
  File "/opt/airflow/dags/polymarket_pipeline_dag.py", line 39, in check_kafka_available
    from kafka import KafkaProducer
ModuleNotFoundError: No module named 'kafka'
[2026-02-09T11:51:41.734+0000] {taskinstance.py:1138} INFO - Marking task as FAILED. dag_id=polymarket_data_pipeline, task_id=check_kafka_ready, execution_date=20260209T100000, start_date=20260209T115141, end_date=20260209T115141
[2026-02-09T11:51:41.743+0000] {standard_task_runner.py:107} ERROR - Failed to execute job 7 for task check_kafka_ready (No module named 'kafka'; 477)
[2026-02-09T11:51:41.756+0000] {local_task_job_runner.py:234} INFO - Task exited with return code 1
[2026-02-09T11:51:41.784+0000] {taskinstance.py:3280} INFO - 0 downstream tasks scheduled from follow-on schedule check
