[2026-02-09T11:40:45.804+0000] {taskinstance.py:1956} INFO - Dependencies all met for dep_context=non-requeueable deps ti=<TaskInstance: polymarket_data_pipeline.check_kafka_ready scheduled__2026-02-09T10:00:00+00:00 [queued]>
[2026-02-09T11:40:45.814+0000] {taskinstance.py:1956} INFO - Dependencies all met for dep_context=requeueable deps ti=<TaskInstance: polymarket_data_pipeline.check_kafka_ready scheduled__2026-02-09T10:00:00+00:00 [queued]>
[2026-02-09T11:40:45.815+0000] {taskinstance.py:2170} INFO - Starting attempt 1 of 3
[2026-02-09T11:40:45.830+0000] {taskinstance.py:2191} INFO - Executing <Task(PythonSensor): check_kafka_ready> on 2026-02-09 10:00:00+00:00
[2026-02-09T11:40:45.834+0000] {standard_task_runner.py:60} INFO - Started process 302 to run task
[2026-02-09T11:40:45.837+0000] {standard_task_runner.py:87} INFO - Running: ['***', 'tasks', 'run', 'polymarket_data_pipeline', 'check_kafka_ready', 'scheduled__2026-02-09T10:00:00+00:00', '--job-id', '3', '--raw', '--subdir', 'DAGS_FOLDER/polymarket_pipeline_dag.py', '--cfg-path', '/tmp/tmpqqmlk4yg']
[2026-02-09T11:40:45.840+0000] {standard_task_runner.py:88} INFO - Job 3: Subtask check_kafka_ready
[2026-02-09T11:40:45.890+0000] {task_command.py:423} INFO - Running <TaskInstance: polymarket_data_pipeline.check_kafka_ready scheduled__2026-02-09T10:00:00+00:00 [running]> on host 3093abd31443
[2026-02-09T11:40:45.966+0000] {taskinstance.py:2480} INFO - Exporting env vars: AIRFLOW_CTX_DAG_OWNER='polymarket' AIRFLOW_CTX_DAG_ID='polymarket_data_pipeline' AIRFLOW_CTX_TASK_ID='check_kafka_ready' AIRFLOW_CTX_EXECUTION_DATE='2026-02-09T10:00:00+00:00' AIRFLOW_CTX_TRY_NUMBER='1' AIRFLOW_CTX_DAG_RUN_ID='scheduled__2026-02-09T10:00:00+00:00'
[2026-02-09T11:40:45.966+0000] {python.py:75} INFO - Poking callable: <function check_kafka_available at 0x7f9b50bdbe20>
[2026-02-09T11:40:45.968+0000] {taskinstance.py:2698} ERROR - Task failed with exception
Traceback (most recent call last):
  File "/home/airflow/.local/lib/python3.11/site-packages/airflow/models/taskinstance.py", line 433, in _execute_task
    result = execute_callable(context=context, **execute_callable_kwargs)
             ^^^^^^^^^^^^^^^^^^^^^^^^^^^^^^^^^^^^^^^^^^^^^^^^^^^^^^^^^^^^
  File "/home/airflow/.local/lib/python3.11/site-packages/airflow/sensors/base.py", line 265, in execute
    raise e
  File "/home/airflow/.local/lib/python3.11/site-packages/airflow/sensors/base.py", line 247, in execute
    poke_return = self.poke(context)
                  ^^^^^^^^^^^^^^^^^^
  File "/home/airflow/.local/lib/python3.11/site-packages/airflow/sensors/python.py", line 76, in poke
    return_value = self.python_callable(*self.op_args, **self.op_kwargs)
                   ^^^^^^^^^^^^^^^^^^^^^^^^^^^^^^^^^^^^^^^^^^^^^^^^^^^^^
  File "/opt/airflow/dags/polymarket_pipeline_dag.py", line 39, in check_kafka_available
    from kafka import KafkaProducer
ModuleNotFoundError: No module named 'kafka'
[2026-02-09T11:40:45.977+0000] {taskinstance.py:1138} INFO - Marking task as UP_FOR_RETRY. dag_id=polymarket_data_pipeline, task_id=check_kafka_ready, execution_date=20260209T100000, start_date=20260209T114045, end_date=20260209T114045
[2026-02-09T11:40:45.988+0000] {standard_task_runner.py:107} ERROR - Failed to execute job 3 for task check_kafka_ready (No module named 'kafka'; 302)
[2026-02-09T11:40:46.010+0000] {local_task_job_runner.py:234} INFO - Task exited with return code 1
[2026-02-09T11:40:46.030+0000] {taskinstance.py:3280} INFO - 0 downstream tasks scheduled from follow-on schedule check
[2026-02-09T11:59:28.685+0000] {taskinstance.py:1956} INFO - Dependencies all met for dep_context=non-requeueable deps ti=<TaskInstance: polymarket_data_pipeline.check_kafka_ready scheduled__2026-02-09T10:00:00+00:00 [queued]>
[2026-02-09T11:59:28.694+0000] {taskinstance.py:1956} INFO - Dependencies all met for dep_context=requeueable deps ti=<TaskInstance: polymarket_data_pipeline.check_kafka_ready scheduled__2026-02-09T10:00:00+00:00 [queued]>
[2026-02-09T11:59:28.694+0000] {taskinstance.py:2170} INFO - Starting attempt 1 of 3
[2026-02-09T11:59:28.707+0000] {taskinstance.py:2191} INFO - Executing <Task(PythonSensor): check_kafka_ready> on 2026-02-09 10:00:00+00:00
[2026-02-09T11:59:28.711+0000] {standard_task_runner.py:60} INFO - Started process 217 to run task
[2026-02-09T11:59:28.723+0000] {standard_task_runner.py:87} INFO - Running: ['***', 'tasks', 'run', 'polymarket_data_pipeline', 'check_kafka_ready', 'scheduled__2026-02-09T10:00:00+00:00', '--job-id', '2', '--raw', '--subdir', 'DAGS_FOLDER/polymarket_pipeline_dag.py', '--cfg-path', '/tmp/tmpszj4f180']
[2026-02-09T11:59:28.743+0000] {standard_task_runner.py:88} INFO - Job 2: Subtask check_kafka_ready
[2026-02-09T11:59:28.895+0000] {task_command.py:423} INFO - Running <TaskInstance: polymarket_data_pipeline.check_kafka_ready scheduled__2026-02-09T10:00:00+00:00 [running]> on host 68f43ae3703b
[2026-02-09T11:59:29.077+0000] {taskinstance.py:2480} INFO - Exporting env vars: AIRFLOW_CTX_DAG_OWNER='polymarket' AIRFLOW_CTX_DAG_ID='polymarket_data_pipeline' AIRFLOW_CTX_TASK_ID='check_kafka_ready' AIRFLOW_CTX_EXECUTION_DATE='2026-02-09T10:00:00+00:00' AIRFLOW_CTX_TRY_NUMBER='1' AIRFLOW_CTX_DAG_RUN_ID='scheduled__2026-02-09T10:00:00+00:00'
[2026-02-09T11:59:29.081+0000] {python.py:75} INFO - Poking callable: <function check_kafka_available at 0x7f8f9b29fe20>
[2026-02-09T11:59:29.514+0000] {conn.py:400} INFO - <BrokerConnection client_id=kafka-python-producer-1, node_id=bootstrap-0 host=broker:9092 <connecting> [IPv4 ('172.19.0.3', 9092)]>: connecting to broker:9092 [('172.19.0.3', 9092) IPv4]
[2026-02-09T11:59:29.523+0000] {conn.py:622} INFO - <BrokerConnection client_id=kafka-python-producer-1, node_id=bootstrap-0 host=broker:9092 <checking_api_versions_recv> [IPv4 ('172.19.0.3', 9092)]>: Broker version identified as 2.6
[2026-02-09T11:59:29.524+0000] {conn.py:461} INFO - <BrokerConnection client_id=kafka-python-producer-1, node_id=bootstrap-0 host=broker:9092 <connected> [IPv4 ('172.19.0.3', 9092)]>: Connection complete.
[2026-02-09T11:59:29.526+0000] {kafka.py:633} INFO - <KafkaProducer client_id=kafka-python-producer-1 transactional_id=None>: Closing the Kafka producer with 9223372036.0 secs timeout.
[2026-02-09T11:59:29.541+0000] {conn.py:951} INFO - <BrokerConnection client_id=kafka-python-producer-1, node_id=bootstrap-0 host=broker:9092 <connected> [IPv4 ('172.19.0.3', 9092)]>: Closing connection. 
[2026-02-09T11:59:29.543+0000] {logging_mixin.py:188} INFO - ✅ Kafka est disponible sur broker:9092
[2026-02-09T11:59:29.543+0000] {base.py:295} INFO - Success criteria met. Exiting.
[2026-02-09T11:59:29.566+0000] {taskinstance.py:1138} INFO - Marking task as SUCCESS. dag_id=polymarket_data_pipeline, task_id=check_kafka_ready, execution_date=20260209T100000, start_date=20260209T115928, end_date=20260209T115929
[2026-02-09T11:59:29.622+0000] {local_task_job_runner.py:234} INFO - Task exited with return code 0
[2026-02-09T11:59:29.662+0000] {taskinstance.py:3280} INFO - 1 downstream tasks scheduled from follow-on schedule check
